<?xml version="1.0" encoding="UTF-8"?>
<testsuite name="com.example.kmmsharedmodule.GreetingTest" tests="1" skipped="0" failures="0" errors="0" timestamp="2021-02-23T13:23:11" hostname="LAPTOP-V5EB7FG2" time="0.017">
  <properties/>
  <testcase name="testExample" classname="com.example.kmmsharedmodule.GreetingTest" time="0.017"/>
  <system-out><![CDATA[]]></system-out>
  <system-err><![CDATA[]]></system-err>
</testsuite>
